Using pre-set license
Built from '2020.3/staging' branch; Version is '2020.3.5f1 (8095aa901b9b) revision 8426922'; Using compiler version '192528614'; Build Type 'Release'
OS: 'Windows 10 Pro; OS build 19042.985; Version 2009; 64bit' Language: 'en' Physical Memory: 16330 MB
BatchMode: 1, IsHumanControllingUs: 0, StartBugReporterOnCrash: 0, Is64bit: 1, IsPro: 0

 COMMAND LINE ARGUMENTS:
C:\Program Files\Unity\Hub\Editor\2020.3.5f1\Editor\Unity.exe
-adb2
-batchMode
-noUpm
-name
AssetImportWorker0
-projectPath
C:/Users/David/Documents/GitHub/GP_Project2/GP_Project
-logFile
Logs/AssetImportWorker0.log
-srvPort
61330
Successfully changed project path to: C:/Users/David/Documents/GitHub/GP_Project2/GP_Project
C:/Users/David/Documents/GitHub/GP_Project2/GP_Project
Using Asset Import Pipeline V2.
Refreshing native plugins compatible for Editor in 44.52 ms, found 1 plugins.
Preloading 0 native plugins for Editor in 0.00 ms.
Initialize engine version: 2020.3.5f1 (8095aa901b9b)
[Subsystems] Discovering subsystems at path C:/Program Files/Unity/Hub/Editor/2020.3.5f1/Editor/Data/Resources/UnitySubsystems
[Subsystems] Discovering subsystems at path C:/Users/David/Documents/GitHub/GP_Project2/GP_Project/Assets
GfxDevice: creating device client; threaded=0
Direct3D:
    Version:  Direct3D 11.0 [level 11.1]
    Renderer: NVIDIA GeForce RTX 2060 (ID=0x1f08)
    Vendor:   
    VRAM:     5980 MB
    Driver:   27.21.14.6663
Initialize mono
Mono path[0] = 'C:/Program Files/Unity/Hub/Editor/2020.3.5f1/Editor/Data/Managed'
Mono path[1] = 'C:/Program Files/Unity/Hub/Editor/2020.3.5f1/Editor/Data/MonoBleedingEdge/lib/mono/unityjit'
Mono config path = 'C:/Program Files/Unity/Hub/Editor/2020.3.5f1/Editor/Data/MonoBleedingEdge/etc'
Using monoOptions --debugger-agent=transport=dt_socket,embedding=1,server=y,suspend=n,address=127.0.0.1:56988
Begin MonoManager ReloadAssembly
Registering precompiled unity dll's ...
Register platform support module: C:/Program Files/Unity/Hub/Editor/2020.3.5f1/Editor/Data/PlaybackEngines/MacStandaloneSupport/UnityEditor.OSXStandalone.Extensions.dll
Register platform support module: C:/Program Files/Unity/Hub/Editor/2020.3.5f1/Editor/Data/PlaybackEngines/WindowsStandaloneSupport/UnityEditor.WindowsStandalone.Extensions.dll
Registered in 0.001890 seconds.
Native extension for WindowsStandalone target not found
Native extension for OSXStandalone target not found
Refreshing native plugins compatible for Editor in 40.19 ms, found 1 plugins.
Preloading 0 native plugins for Editor in 0.00 ms.
Mono: successfully reloaded assembly
- Completed reload, in  0.918 seconds
Platform modules already initialized, skipping
Registering precompiled user dll's ...
Registered in 0.000684 seconds.
Begin MonoManager ReloadAssembly
Native extension for WindowsStandalone target not found
Native extension for OSXStandalone target not found
Refreshing native plugins compatible for Editor in 42.80 ms, found 1 plugins.
Preloading 0 native plugins for Editor in 0.00 ms.
Mono: successfully reloaded assembly
- Completed reload, in  0.843 seconds
Platform modules already initialized, skipping
========================================================================
Worker process is ready to serve import requests
Launched and connected shader compiler UnityShaderCompiler.exe after 0.04 seconds
Refreshing native plugins compatible for Editor in 0.56 ms, found 1 plugins.
Preloading 0 native plugins for Editor in 0.00 ms.
Unloading 2140 Unused Serialized files (Serialized files now loaded: 0)
System memory in use before: 98.2 MB.
System memory in use after: 98.3 MB.

Unloading 21 unused Assets to reduce memory usage. Loaded Objects now: 2591.
Total: 1.904200 ms (FindLiveObjects: 0.236100 ms CreateObjectMapping: 0.047000 ms MarkObjects: 1.565600 ms  DeleteObjects: 0.054100 ms)

========================================================================
Received Import Request.
  path: Assets/Prefabs/Canvas.prefab
  artifactKey: Guid(746ce3765efd0954ea08cc3265f53c6b) Importer(815301076,1909f56bfc062723c751e8b465ee728b)
Start importing Assets/Prefabs/Canvas.prefab using Guid(746ce3765efd0954ea08cc3265f53c6b) Importer(815301076,1909f56bfc062723c751e8b465ee728b)  -> (artifact id: 'fb0de42ccfac97e7b3891630c659431a') in 0.059775 seconds
  Import took 0.063308 seconds .

========================================================================
Received Import Request.
  Time since last request: 0.000406 seconds.
  path: Assets/Prefabs/Player.prefab
  artifactKey: Guid(bbb87a27cbb917d4eabac76fa9f740cf) Importer(815301076,1909f56bfc062723c751e8b465ee728b)
Start importing Assets/Prefabs/Player.prefab using Guid(bbb87a27cbb917d4eabac76fa9f740cf) Importer(815301076,1909f56bfc062723c751e8b465ee728b)  -> (artifact id: '89bc2639dee1b88287b2a75cc4f8fee7') in 0.065037 seconds
  Import took 0.068482 seconds .

========================================================================
Received Import Request.
  Time since last request: 0.000163 seconds.
  path: Assets/Prefabs/Managers.prefab
  artifactKey: Guid(7324d90733990fc4d938f8c85eae1731) Importer(815301076,1909f56bfc062723c751e8b465ee728b)
Start importing Assets/Prefabs/Managers.prefab using Guid(7324d90733990fc4d938f8c85eae1731) Importer(815301076,1909f56bfc062723c751e8b465ee728b)  -> (artifact id: 'f310c84a3ce4f04394bd71165308fa54') in 0.010687 seconds
  Import took 0.014300 seconds .

========================================================================
Received Import Request.
  Time since last request: 4185.120892 seconds.
  path: Assets/Prefabs/ContactAreas
  artifactKey: Guid(4cf6aec58c76a1545b559e7798361dac) Importer(815301076,1909f56bfc062723c751e8b465ee728b)
Start importing Assets/Prefabs/ContactAreas using Guid(4cf6aec58c76a1545b559e7798361dac) Importer(815301076,1909f56bfc062723c751e8b465ee728b)  -> (artifact id: 'eaa4d3fb704c1eeb176756eb17c26212') in 0.008909 seconds
  Import took 0.018415 seconds .

========================================================================
Received Import Request.
  Time since last request: 0.139062 seconds.
  path: Assets/Prefabs/ContactAreas/ContactAreaDamage.prefab
  artifactKey: Guid(c231170a52085ba45bce60e709e7eb32) Importer(815301076,1909f56bfc062723c751e8b465ee728b)
Start importing Assets/Prefabs/ContactAreas/ContactAreaDamage.prefab using Guid(c231170a52085ba45bce60e709e7eb32) Importer(815301076,1909f56bfc062723c751e8b465ee728b)  -> (artifact id: 'e965ab9796949769b662035872180e33') in 0.031281 seconds
  Import took 0.035569 seconds .

========================================================================
Received Import Request.
  Time since last request: 0.000171 seconds.
  path: Assets/Prefabs/ContactAreas/ContactAreaGauge.prefab
  artifactKey: Guid(8a0bb046272a42e4eb83c68062485394) Importer(815301076,1909f56bfc062723c751e8b465ee728b)
Start importing Assets/Prefabs/ContactAreas/ContactAreaGauge.prefab using Guid(8a0bb046272a42e4eb83c68062485394) Importer(815301076,1909f56bfc062723c751e8b465ee728b)  -> (artifact id: 'e55f832917d60899acb57eabec137720') in 0.014447 seconds
  Import took 0.019408 seconds .

========================================================================
Received Import Request.
  Time since last request: 0.000170 seconds.
  path: Assets/Prefabs/ContactAreas/ContactAreaHeal.prefab
  artifactKey: Guid(263bd90d3ac320d489907835e0949904) Importer(815301076,1909f56bfc062723c751e8b465ee728b)
Start importing Assets/Prefabs/ContactAreas/ContactAreaHeal.prefab using Guid(263bd90d3ac320d489907835e0949904) Importer(815301076,1909f56bfc062723c751e8b465ee728b)  -> (artifact id: '71fcdf8c108fe23964b50a8a14008b4a') in 0.025031 seconds
  Import took 0.029743 seconds .

========================================================================
Received Import Request.
  Time since last request: 0.000305 seconds.
  path: Assets/Prefabs/ContactAreas/ContactAreaGauge.prefab
  artifactKey: Guid(8a0bb046272a42e4eb83c68062485394) Importer(815301076,1909f56bfc062723c751e8b465ee728b)
Start importing Assets/Prefabs/ContactAreas/ContactAreaGauge.prefab using Guid(8a0bb046272a42e4eb83c68062485394) Importer(815301076,1909f56bfc062723c751e8b465ee728b)  -> (artifact id: 'e55f832917d60899acb57eabec137720') in 0.012311 seconds
  Import took 0.017395 seconds .

========================================================================
Received Import Request.
  Time since last request: 0.000168 seconds.
  path: Assets/Prefabs/ContactAreas/ContactAreaHeal.prefab
  artifactKey: Guid(263bd90d3ac320d489907835e0949904) Importer(815301076,1909f56bfc062723c751e8b465ee728b)
Start importing Assets/Prefabs/ContactAreas/ContactAreaHeal.prefab using Guid(263bd90d3ac320d489907835e0949904) Importer(815301076,1909f56bfc062723c751e8b465ee728b)  -> (artifact id: '71fcdf8c108fe23964b50a8a14008b4a') in 0.010292 seconds
  Import took 0.013925 seconds .

========================================================================
Received Prepare
Registering precompiled user dll's ...
Registered in 0.000890 seconds.
Begin MonoManager ReloadAssembly
Native extension for WindowsStandalone target not found
Native extension for OSXStandalone target not found
Refreshing native plugins compatible for Editor in 0.49 ms, found 1 plugins.
Preloading 0 native plugins for Editor in 0.00 ms.
Mono: successfully reloaded assembly
- Completed reload, in  0.811 seconds
Platform modules already initialized, skipping
Refreshing native plugins compatible for Editor in 0.44 ms, found 1 plugins.
Preloading 0 native plugins for Editor in 0.00 ms.
Unloading 2117 Unused Serialized files (Serialized files now loaded: 0)
System memory in use before: 99.6 MB.
System memory in use after: 99.8 MB.

Unloading 7 unused Assets to reduce memory usage. Loaded Objects now: 2604.
Total: 2.281100 ms (FindLiveObjects: 0.371800 ms CreateObjectMapping: 0.063600 ms MarkObjects: 1.826300 ms  DeleteObjects: 0.017400 ms)

========================================================================
Received Import Request.
  Time since last request: 2436.623248 seconds.
  path: Assets/Scripts/Portal.cs
  artifactKey: Guid(1c89b2252b37ed5428a042b73aab64d3) Importer(815301076,1909f56bfc062723c751e8b465ee728b)
Start importing Assets/Scripts/Portal.cs using Guid(1c89b2252b37ed5428a042b73aab64d3) Importer(815301076,1909f56bfc062723c751e8b465ee728b)  -> (artifact id: '2868a9e7098b16a7a346e71d4f9995e9') in 0.010883 seconds
  Import took 0.014477 seconds .

========================================================================
Received Import Request.
  Time since last request: 0.012777 seconds.
  path: Assets/Scripts/Portal.cs
  artifactKey: Guid(1c89b2252b37ed5428a042b73aab64d3) Importer(815301076,1909f56bfc062723c751e8b465ee728b)
Start importing Assets/Scripts/Portal.cs using Guid(1c89b2252b37ed5428a042b73aab64d3) Importer(815301076,1909f56bfc062723c751e8b465ee728b)  -> (artifact id: '2868a9e7098b16a7a346e71d4f9995e9') in 0.002635 seconds
  Import took 0.006289 seconds .

========================================================================
Received Import Request.
  Time since last request: 104.233006 seconds.
  path: Assets/Scripts/Player/PlayerInput.inputactions
  artifactKey: Guid(9bc7b0b6657d0c74c898a07db3bef8d4) Importer(815301076,1909f56bfc062723c751e8b465ee728b)
Start importing Assets/Scripts/Player/PlayerInput.inputactions using Guid(9bc7b0b6657d0c74c898a07db3bef8d4) Importer(815301076,1909f56bfc062723c751e8b465ee728b)  -> (artifact id: 'f88868435695a64177c94d221c33838b') in 0.019729 seconds
  Import took 0.023576 seconds .

========================================================================
Received Import Request.
  Time since last request: 5.980435 seconds.
  path: Assets/Scripts/Player/PlayerInput.cs
  artifactKey: Guid(7116b729ee4247c4498f671f259a192d) Importer(815301076,1909f56bfc062723c751e8b465ee728b)
Start importing Assets/Scripts/Player/PlayerInput.cs using Guid(7116b729ee4247c4498f671f259a192d) Importer(815301076,1909f56bfc062723c751e8b465ee728b)  -> (artifact id: 'cf3312267114de20ed8412132ebbf4d8') in 0.001756 seconds
  Import took 0.004933 seconds .

========================================================================
Received Import Request.
  Time since last request: 0.000673 seconds.
  path: Assets/Scripts/Player/PlayerInput.cs
  artifactKey: Guid(7116b729ee4247c4498f671f259a192d) Importer(815301076,1909f56bfc062723c751e8b465ee728b)
Start importing Assets/Scripts/Player/PlayerInput.cs using Guid(7116b729ee4247c4498f671f259a192d) Importer(815301076,1909f56bfc062723c751e8b465ee728b)  -> (artifact id: 'cf3312267114de20ed8412132ebbf4d8') in 0.002052 seconds
  Import took 0.004982 seconds .

========================================================================
Received Import Request.
  Time since last request: 4.461309 seconds.
  path: Assets/Scripts/Player/PlayerController.cs
  artifactKey: Guid(3bee0677e765f7743a0ac6faf6045395) Importer(815301076,1909f56bfc062723c751e8b465ee728b)
Start importing Assets/Scripts/Player/PlayerController.cs using Guid(3bee0677e765f7743a0ac6faf6045395) Importer(815301076,1909f56bfc062723c751e8b465ee728b)  -> (artifact id: '08f1d4697df08aa28a5966aa03f4d26f') in 0.005801 seconds
  Import took 0.009397 seconds .

========================================================================
Received Import Request.
  Time since last request: 0.001273 seconds.
  path: Assets/Scripts/Player/PlayerController.cs
  artifactKey: Guid(3bee0677e765f7743a0ac6faf6045395) Importer(815301076,1909f56bfc062723c751e8b465ee728b)
Start importing Assets/Scripts/Player/PlayerController.cs using Guid(3bee0677e765f7743a0ac6faf6045395) Importer(815301076,1909f56bfc062723c751e8b465ee728b)  -> (artifact id: '08f1d4697df08aa28a5966aa03f4d26f') in 0.001674 seconds
  Import took 0.004417 seconds .

========================================================================
Received Import Request.
  Time since last request: 12.854963 seconds.
  path: Assets/Scripts/Player/PlayerController.cs
  artifactKey: Guid(3bee0677e765f7743a0ac6faf6045395) Importer(815301076,1909f56bfc062723c751e8b465ee728b)
Start importing Assets/Scripts/Player/PlayerController.cs using Guid(3bee0677e765f7743a0ac6faf6045395) Importer(815301076,1909f56bfc062723c751e8b465ee728b)  -> (artifact id: 'd404fabc6952e27da5cc8f6f23f10804') in 0.001976 seconds
  Import took 0.005597 seconds .

========================================================================
Received Prepare
Registering precompiled user dll's ...
Registered in 0.000871 seconds.
Begin MonoManager ReloadAssembly
Native extension for WindowsStandalone target not found
Native extension for OSXStandalone target not found
Refreshing native plugins compatible for Editor in 0.44 ms, found 1 plugins.
Preloading 0 native plugins for Editor in 0.00 ms.
Mono: successfully reloaded assembly
- Completed reload, in  0.713 seconds
Platform modules already initialized, skipping
Refreshing native plugins compatible for Editor in 0.43 ms, found 1 plugins.
Preloading 0 native plugins for Editor in 0.00 ms.
Unloading 2117 Unused Serialized files (Serialized files now loaded: 0)
System memory in use before: 99.7 MB.
System memory in use after: 99.8 MB.

Unloading 7 unused Assets to reduce memory usage. Loaded Objects now: 2608.
Total: 1.786900 ms (FindLiveObjects: 0.217900 ms CreateObjectMapping: 0.047400 ms MarkObjects: 1.509200 ms  DeleteObjects: 0.011500 ms)

========================================================================
Received Import Request.
  Time since last request: 27.615675 seconds.
  path: Assets/Scenes/MainMenu.unity
  artifactKey: Guid(6272b731dc26cdc4a979a51a07a64b46) Importer(815301076,1909f56bfc062723c751e8b465ee728b)
Start importing Assets/Scenes/MainMenu.unity using Guid(6272b731dc26cdc4a979a51a07a64b46) Importer(815301076,1909f56bfc062723c751e8b465ee728b)  -> (artifact id: '037b95e35c9e45da82f0baadb56d9bd6') in 0.013252 seconds
  Import took 0.016691 seconds .

========================================================================
Received Prepare
Registering precompiled user dll's ...
Registered in 0.000870 seconds.
Begin MonoManager ReloadAssembly
Native extension for WindowsStandalone target not found
Native extension for OSXStandalone target not found
Refreshing native plugins compatible for Editor in 0.53 ms, found 1 plugins.
Preloading 0 native plugins for Editor in 0.00 ms.
Mono: successfully reloaded assembly
- Completed reload, in  0.725 seconds
Platform modules already initialized, skipping
Refreshing native plugins compatible for Editor in 0.62 ms, found 1 plugins.
Preloading 0 native plugins for Editor in 0.00 ms.
Unloading 2117 Unused Serialized files (Serialized files now loaded: 0)
System memory in use before: 99.7 MB.
System memory in use after: 99.8 MB.

Unloading 7 unused Assets to reduce memory usage. Loaded Objects now: 2612.
Total: 2.204900 ms (FindLiveObjects: 0.377500 ms CreateObjectMapping: 0.063200 ms MarkObjects: 1.747700 ms  DeleteObjects: 0.015400 ms)

========================================================================
Received Prepare
Registering precompiled user dll's ...
Registered in 0.000707 seconds.
Begin MonoManager ReloadAssembly
Native extension for WindowsStandalone target not found
Native extension for OSXStandalone target not found
Refreshing native plugins compatible for Editor in 0.44 ms, found 1 plugins.
Preloading 0 native plugins for Editor in 0.00 ms.
Mono: successfully reloaded assembly
- Completed reload, in  0.708 seconds
Platform modules already initialized, skipping
Refreshing native plugins compatible for Editor in 0.43 ms, found 1 plugins.
Preloading 0 native plugins for Editor in 0.00 ms.
Unloading 2117 Unused Serialized files (Serialized files now loaded: 0)
System memory in use before: 99.7 MB.
System memory in use after: 99.9 MB.

Unloading 7 unused Assets to reduce memory usage. Loaded Objects now: 2616.
Total: 1.866000 ms (FindLiveObjects: 0.224800 ms CreateObjectMapping: 0.055500 ms MarkObjects: 1.574300 ms  DeleteObjects: 0.010600 ms)

========================================================================
Received Prepare
Registering precompiled user dll's ...
Registered in 0.000969 seconds.
Begin MonoManager ReloadAssembly
Native extension for WindowsStandalone target not found
Native extension for OSXStandalone target not found
Refreshing native plugins compatible for Editor in 0.45 ms, found 1 plugins.
Preloading 0 native plugins for Editor in 0.00 ms.
Mono: successfully reloaded assembly
- Completed reload, in  0.758 seconds
Platform modules already initialized, skipping
Refreshing native plugins compatible for Editor in 0.45 ms, found 1 plugins.
Preloading 0 native plugins for Editor in 0.00 ms.
Unloading 2117 Unused Serialized files (Serialized files now loaded: 0)
System memory in use before: 99.8 MB.
System memory in use after: 99.9 MB.

Unloading 7 unused Assets to reduce memory usage. Loaded Objects now: 2620.
Total: 1.898200 ms (FindLiveObjects: 0.242800 ms CreateObjectMapping: 0.050100 ms MarkObjects: 1.592100 ms  DeleteObjects: 0.012000 ms)

========================================================================
Received Prepare
Registering precompiled user dll's ...
Registered in 0.000711 seconds.
Begin MonoManager ReloadAssembly
Native extension for WindowsStandalone target not found
Native extension for OSXStandalone target not found
Refreshing native plugins compatible for Editor in 0.44 ms, found 1 plugins.
Preloading 0 native plugins for Editor in 0.00 ms.
Mono: successfully reloaded assembly
- Completed reload, in  0.710 seconds
Platform modules already initialized, skipping
Refreshing native plugins compatible for Editor in 0.43 ms, found 1 plugins.
Preloading 0 native plugins for Editor in 0.00 ms.
Unloading 2117 Unused Serialized files (Serialized files now loaded: 0)
System memory in use before: 99.8 MB.
System memory in use after: 99.9 MB.

Unloading 7 unused Assets to reduce memory usage. Loaded Objects now: 2624.
Total: 1.907000 ms (FindLiveObjects: 0.288600 ms CreateObjectMapping: 0.048000 ms MarkObjects: 1.556100 ms  DeleteObjects: 0.013100 ms)

========================================================================
Received Prepare
Registering precompiled user dll's ...
Registered in 0.000918 seconds.
Begin MonoManager ReloadAssembly
Native extension for WindowsStandalone target not found
Native extension for OSXStandalone target not found
Refreshing native plugins compatible for Editor in 0.45 ms, found 1 plugins.
Preloading 0 native plugins for Editor in 0.00 ms.
Mono: successfully reloaded assembly
- Completed reload, in  0.744 seconds
Platform modules already initialized, skipping
Refreshing native plugins compatible for Editor in 0.50 ms, found 1 plugins.
Preloading 0 native plugins for Editor in 0.00 ms.
Unloading 2117 Unused Serialized files (Serialized files now loaded: 0)
System memory in use before: 99.8 MB.
System memory in use after: 99.9 MB.

Unloading 7 unused Assets to reduce memory usage. Loaded Objects now: 2628.
Total: 2.709200 ms (FindLiveObjects: 0.246700 ms CreateObjectMapping: 0.051200 ms MarkObjects: 2.397600 ms  DeleteObjects: 0.012700 ms)

========================================================================
Received Prepare
Registering precompiled user dll's ...
Registered in 0.000882 seconds.
Begin MonoManager ReloadAssembly
Native extension for WindowsStandalone target not found
Native extension for OSXStandalone target not found
Refreshing native plugins compatible for Editor in 0.45 ms, found 1 plugins.
Preloading 0 native plugins for Editor in 0.00 ms.
Mono: successfully reloaded assembly
- Completed reload, in  0.749 seconds
Platform modules already initialized, skipping
Refreshing native plugins compatible for Editor in 0.47 ms, found 1 plugins.
Preloading 0 native plugins for Editor in 0.00 ms.
Unloading 2117 Unused Serialized files (Serialized files now loaded: 0)
System memory in use before: 99.8 MB.
System memory in use after: 99.9 MB.

Unloading 7 unused Assets to reduce memory usage. Loaded Objects now: 2632.
Total: 2.075200 ms (FindLiveObjects: 0.293900 ms CreateObjectMapping: 0.062200 ms MarkObjects: 1.706200 ms  DeleteObjects: 0.012000 ms)

========================================================================
Received Prepare
Registering precompiled user dll's ...
Registered in 0.000851 seconds.
Begin MonoManager ReloadAssembly
Native extension for WindowsStandalone target not found
Native extension for OSXStandalone target not found
Refreshing native plugins compatible for Editor in 0.45 ms, found 1 plugins.
Preloading 0 native plugins for Editor in 0.00 ms.
Mono: successfully reloaded assembly
- Completed reload, in  0.736 seconds
Platform modules already initialized, skipping
Refreshing native plugins compatible for Editor in 0.44 ms, found 1 plugins.
Preloading 0 native plugins for Editor in 0.00 ms.
Unloading 2117 Unused Serialized files (Serialized files now loaded: 0)
System memory in use before: 99.8 MB.
System memory in use after: 99.9 MB.

Unloading 7 unused Assets to reduce memory usage. Loaded Objects now: 2636.
Total: 1.855000 ms (FindLiveObjects: 0.195600 ms CreateObjectMapping: 0.053500 ms MarkObjects: 1.590700 ms  DeleteObjects: 0.014300 ms)

========================================================================
Received Prepare
Registering precompiled user dll's ...
Registered in 0.000935 seconds.
Begin MonoManager ReloadAssembly
Native extension for WindowsStandalone target not found
Native extension for OSXStandalone target not found
Refreshing native plugins compatible for Editor in 0.46 ms, found 1 plugins.
Preloading 0 native plugins for Editor in 0.00 ms.
Mono: successfully reloaded assembly
- Completed reload, in  0.739 seconds
Platform modules already initialized, skipping
Refreshing native plugins compatible for Editor in 0.45 ms, found 1 plugins.
Preloading 0 native plugins for Editor in 0.00 ms.
Unloading 2117 Unused Serialized files (Serialized files now loaded: 0)
System memory in use before: 99.8 MB.
System memory in use after: 99.9 MB.

Unloading 7 unused Assets to reduce memory usage. Loaded Objects now: 2640.
Total: 1.925200 ms (FindLiveObjects: 0.207700 ms CreateObjectMapping: 0.055300 ms MarkObjects: 1.643400 ms  DeleteObjects: 0.017800 ms)

========================================================================
Received Prepare
Registering precompiled user dll's ...
Registered in 0.001028 seconds.
Begin MonoManager ReloadAssembly
Native extension for WindowsStandalone target not found
Native extension for OSXStandalone target not found
Refreshing native plugins compatible for Editor in 0.50 ms, found 1 plugins.
Preloading 0 native plugins for Editor in 0.00 ms.
Mono: successfully reloaded assembly
- Completed reload, in  0.756 seconds
Platform modules already initialized, skipping
Refreshing native plugins compatible for Editor in 0.56 ms, found 1 plugins.
Preloading 0 native plugins for Editor in 0.00 ms.
Unloading 2117 Unused Serialized files (Serialized files now loaded: 0)
System memory in use before: 99.8 MB.
System memory in use after: 99.9 MB.

Unloading 7 unused Assets to reduce memory usage. Loaded Objects now: 2644.
Total: 2.313300 ms (FindLiveObjects: 0.245800 ms CreateObjectMapping: 0.048800 ms MarkObjects: 1.990600 ms  DeleteObjects: 0.026800 ms)

========================================================================
Received Prepare
Registering precompiled user dll's ...
Registered in 0.001037 seconds.
Begin MonoManager ReloadAssembly
Native extension for WindowsStandalone target not found
Native extension for OSXStandalone target not found
Refreshing native plugins compatible for Editor in 0.44 ms, found 1 plugins.
Preloading 0 native plugins for Editor in 0.00 ms.
Mono: successfully reloaded assembly
- Completed reload, in  0.764 seconds
Platform modules already initialized, skipping
Refreshing native plugins compatible for Editor in 0.46 ms, found 1 plugins.
Preloading 0 native plugins for Editor in 0.00 ms.
Unloading 2117 Unused Serialized files (Serialized files now loaded: 0)
System memory in use before: 99.8 MB.
System memory in use after: 99.9 MB.

Unloading 7 unused Assets to reduce memory usage. Loaded Objects now: 2648.
Total: 1.943600 ms (FindLiveObjects: 0.276200 ms CreateObjectMapping: 0.049000 ms MarkObjects: 1.604500 ms  DeleteObjects: 0.012900 ms)

========================================================================
Received Prepare
Registering precompiled user dll's ...
Registered in 0.000920 seconds.
Begin MonoManager ReloadAssembly
Native extension for WindowsStandalone target not found
Native extension for OSXStandalone target not found
Refreshing native plugins compatible for Editor in 0.43 ms, found 1 plugins.
Preloading 0 native plugins for Editor in 0.00 ms.
Mono: successfully reloaded assembly
- Completed reload, in  0.759 seconds
Platform modules already initialized, skipping
Refreshing native plugins compatible for Editor in 0.43 ms, found 1 plugins.
Preloading 0 native plugins for Editor in 0.00 ms.
Unloading 2117 Unused Serialized files (Serialized files now loaded: 0)
System memory in use before: 99.8 MB.
System memory in use after: 100.0 MB.

Unloading 7 unused Assets to reduce memory usage. Loaded Objects now: 2652.
Total: 1.949800 ms (FindLiveObjects: 0.222300 ms CreateObjectMapping: 0.050000 ms MarkObjects: 1.662900 ms  DeleteObjects: 0.013600 ms)

========================================================================
Received Prepare
Registering precompiled user dll's ...
Registered in 0.000892 seconds.
Begin MonoManager ReloadAssembly
Native extension for WindowsStandalone target not found
Native extension for OSXStandalone target not found
Refreshing native plugins compatible for Editor in 0.46 ms, found 1 plugins.
Preloading 0 native plugins for Editor in 0.00 ms.
Mono: successfully reloaded assembly
- Completed reload, in  0.760 seconds
Platform modules already initialized, skipping
Refreshing native plugins compatible for Editor in 0.60 ms, found 1 plugins.
Preloading 0 native plugins for Editor in 0.00 ms.
Unloading 2117 Unused Serialized files (Serialized files now loaded: 0)
System memory in use before: 99.8 MB.
System memory in use after: 100.0 MB.

Unloading 7 unused Assets to reduce memory usage. Loaded Objects now: 2656.
Total: 2.208200 ms (FindLiveObjects: 0.212300 ms CreateObjectMapping: 0.049800 ms MarkObjects: 1.932100 ms  DeleteObjects: 0.013000 ms)

========================================================================
Received Prepare
Registering precompiled user dll's ...
Registered in 0.000791 seconds.
Begin MonoManager ReloadAssembly
Native extension for WindowsStandalone target not found
Native extension for OSXStandalone target not found
Refreshing native plugins compatible for Editor in 0.43 ms, found 1 plugins.
Preloading 0 native plugins for Editor in 0.00 ms.
Mono: successfully reloaded assembly
- Completed reload, in  0.710 seconds
Platform modules already initialized, skipping
Refreshing native plugins compatible for Editor in 0.42 ms, found 1 plugins.
Preloading 0 native plugins for Editor in 0.00 ms.
Unloading 2117 Unused Serialized files (Serialized files now loaded: 0)
System memory in use before: 99.9 MB.
System memory in use after: 100.0 MB.

Unloading 7 unused Assets to reduce memory usage. Loaded Objects now: 2660.
Total: 1.822700 ms (FindLiveObjects: 0.236400 ms CreateObjectMapping: 0.051000 ms MarkObjects: 1.523000 ms  DeleteObjects: 0.011500 ms)

========================================================================
Received Prepare
Registering precompiled user dll's ...
Registered in 0.000814 seconds.
Begin MonoManager ReloadAssembly
Native extension for WindowsStandalone target not found
Native extension for OSXStandalone target not found
Refreshing native plugins compatible for Editor in 0.48 ms, found 1 plugins.
Preloading 0 native plugins for Editor in 0.00 ms.
Mono: successfully reloaded assembly
- Completed reload, in  0.711 seconds
Platform modules already initialized, skipping
Refreshing native plugins compatible for Editor in 0.47 ms, found 1 plugins.
Preloading 0 native plugins for Editor in 0.00 ms.
Unloading 2117 Unused Serialized files (Serialized files now loaded: 0)
System memory in use before: 99.9 MB.
System memory in use after: 100.0 MB.

Unloading 7 unused Assets to reduce memory usage. Loaded Objects now: 2664.
Total: 2.052400 ms (FindLiveObjects: 0.252700 ms CreateObjectMapping: 0.050300 ms MarkObjects: 1.733900 ms  DeleteObjects: 0.014700 ms)

========================================================================
Received Import Request.
  Time since last request: 844.230242 seconds.
  path: Assets/Scripts/Managers/GameManager.cs
  artifactKey: Guid(f764687e0b85d5e45aeed3d51700411e) Importer(815301076,1909f56bfc062723c751e8b465ee728b)
Start importing Assets/Scripts/Managers/GameManager.cs using Guid(f764687e0b85d5e45aeed3d51700411e) Importer(815301076,1909f56bfc062723c751e8b465ee728b)  -> (artifact id: '90ab01cd8622b38442031024492b6d77') in 0.008369 seconds
  Import took 0.012057 seconds .

========================================================================
Received Import Request.
  Time since last request: 9.986237 seconds.
  path: Assets/Scripts/Managers/GameManager.cs
  artifactKey: Guid(f764687e0b85d5e45aeed3d51700411e) Importer(815301076,1909f56bfc062723c751e8b465ee728b)
Start importing Assets/Scripts/Managers/GameManager.cs using Guid(f764687e0b85d5e45aeed3d51700411e) Importer(815301076,1909f56bfc062723c751e8b465ee728b)  -> (artifact id: '49838be3b3d45abd7b14b9e6448741f6') in 0.002905 seconds
  Import took 0.006796 seconds .

========================================================================
Received Prepare
Registering precompiled user dll's ...
Registered in 0.000852 seconds.
Begin MonoManager ReloadAssembly
Native extension for WindowsStandalone target not found
Native extension for OSXStandalone target not found
Refreshing native plugins compatible for Editor in 0.43 ms, found 1 plugins.
Preloading 0 native plugins for Editor in 0.00 ms.
Mono: successfully reloaded assembly
- Completed reload, in  0.732 seconds
Platform modules already initialized, skipping
Refreshing native plugins compatible for Editor in 0.44 ms, found 1 plugins.
Preloading 0 native plugins for Editor in 0.00 ms.
Unloading 2117 Unused Serialized files (Serialized files now loaded: 0)
System memory in use before: 99.9 MB.
System memory in use after: 100.0 MB.

Unloading 7 unused Assets to reduce memory usage. Loaded Objects now: 2668.
Total: 1.791400 ms (FindLiveObjects: 0.204700 ms CreateObjectMapping: 0.048600 ms MarkObjects: 1.525800 ms  DeleteObjects: 0.011100 ms)

========================================================================
Received Prepare
Registering precompiled user dll's ...
Registered in 0.000964 seconds.
Begin MonoManager ReloadAssembly
Native extension for WindowsStandalone target not found
Native extension for OSXStandalone target not found
Refreshing native plugins compatible for Editor in 0.48 ms, found 1 plugins.
Preloading 0 native plugins for Editor in 0.00 ms.
Mono: successfully reloaded assembly
- Completed reload, in  0.764 seconds
Platform modules already initialized, skipping
Refreshing native plugins compatible for Editor in 0.47 ms, found 1 plugins.
Preloading 0 native plugins for Editor in 0.00 ms.
Unloading 2117 Unused Serialized files (Serialized files now loaded: 0)
System memory in use before: 99.9 MB.
System memory in use after: 100.0 MB.

Unloading 7 unused Assets to reduce memory usage. Loaded Objects now: 2672.
Total: 2.070800 ms (FindLiveObjects: 0.344000 ms CreateObjectMapping: 0.051700 ms MarkObjects: 1.659300 ms  DeleteObjects: 0.013900 ms)

========================================================================
Received Prepare
Registering precompiled user dll's ...
Registered in 0.001019 seconds.
Begin MonoManager ReloadAssembly
Native extension for WindowsStandalone target not found
Native extension for OSXStandalone target not found
Refreshing native plugins compatible for Editor in 0.93 ms, found 1 plugins.
Preloading 0 native plugins for Editor in 0.00 ms.
Mono: successfully reloaded assembly
- Completed reload, in  0.936 seconds
Platform modules already initialized, skipping
Refreshing native plugins compatible for Editor in 0.43 ms, found 1 plugins.
Preloading 0 native plugins for Editor in 0.00 ms.
Unloading 2117 Unused Serialized files (Serialized files now loaded: 0)
System memory in use before: 99.9 MB.
System memory in use after: 100.0 MB.

Unloading 7 unused Assets to reduce memory usage. Loaded Objects now: 2676.
Total: 2.286900 ms (FindLiveObjects: 0.240300 ms CreateObjectMapping: 0.055700 ms MarkObjects: 1.974800 ms  DeleteObjects: 0.014600 ms)

========================================================================
Received Prepare
Registering precompiled user dll's ...
Registered in 0.000917 seconds.
Begin MonoManager ReloadAssembly
Native extension for WindowsStandalone target not found
Native extension for OSXStandalone target not found
Refreshing native plugins compatible for Editor in 0.44 ms, found 1 plugins.
Preloading 0 native plugins for Editor in 0.00 ms.
Mono: successfully reloaded assembly
- Completed reload, in  0.747 seconds
Platform modules already initialized, skipping
Refreshing native plugins compatible for Editor in 0.44 ms, found 1 plugins.
Preloading 0 native plugins for Editor in 0.00 ms.
Unloading 2117 Unused Serialized files (Serialized files now loaded: 0)
System memory in use before: 99.9 MB.
System memory in use after: 100.0 MB.

Unloading 7 unused Assets to reduce memory usage. Loaded Objects now: 2680.
Total: 2.119400 ms (FindLiveObjects: 0.311100 ms CreateObjectMapping: 0.063900 ms MarkObjects: 1.730700 ms  DeleteObjects: 0.012700 ms)

========================================================================
Received Prepare
Registering precompiled user dll's ...
Registered in 0.000770 seconds.
Begin MonoManager ReloadAssembly
Native extension for WindowsStandalone target not found
Native extension for OSXStandalone target not found
Refreshing native plugins compatible for Editor in 0.51 ms, found 1 plugins.
Preloading 0 native plugins for Editor in 0.00 ms.
Mono: successfully reloaded assembly
- Completed reload, in  0.718 seconds
Platform modules already initialized, skipping
Refreshing native plugins compatible for Editor in 0.46 ms, found 1 plugins.
Preloading 0 native plugins for Editor in 0.00 ms.
Unloading 2117 Unused Serialized files (Serialized files now loaded: 0)
System memory in use before: 99.9 MB.
System memory in use after: 100.0 MB.

Unloading 7 unused Assets to reduce memory usage. Loaded Objects now: 2684.
Total: 1.928000 ms (FindLiveObjects: 0.248000 ms CreateObjectMapping: 0.049500 ms MarkObjects: 1.616800 ms  DeleteObjects: 0.012200 ms)

========================================================================
Received Prepare
Registering precompiled user dll's ...
Registered in 0.000830 seconds.
Begin MonoManager ReloadAssembly
Native extension for WindowsStandalone target not found
Native extension for OSXStandalone target not found
Refreshing native plugins compatible for Editor in 0.43 ms, found 1 plugins.
Preloading 0 native plugins for Editor in 0.00 ms.
Mono: successfully reloaded assembly
- Completed reload, in  0.726 seconds
Platform modules already initialized, skipping
Refreshing native plugins compatible for Editor in 0.42 ms, found 1 plugins.
Preloading 0 native plugins for Editor in 0.00 ms.
Unloading 2117 Unused Serialized files (Serialized files now loaded: 0)
System memory in use before: 99.9 MB.
System memory in use after: 100.0 MB.

Unloading 7 unused Assets to reduce memory usage. Loaded Objects now: 2688.
Total: 1.914500 ms (FindLiveObjects: 0.232900 ms CreateObjectMapping: 0.055900 ms MarkObjects: 1.612600 ms  DeleteObjects: 0.012000 ms)

========================================================================
Received Prepare
Registering precompiled user dll's ...
Registered in 0.000965 seconds.
Begin MonoManager ReloadAssembly
Native extension for WindowsStandalone target not found
Native extension for OSXStandalone target not found
Refreshing native plugins compatible for Editor in 0.46 ms, found 1 plugins.
Preloading 0 native plugins for Editor in 0.00 ms.
Mono: successfully reloaded assembly
- Completed reload, in  0.770 seconds
Platform modules already initialized, skipping
Refreshing native plugins compatible for Editor in 0.77 ms, found 1 plugins.
Preloading 0 native plugins for Editor in 0.00 ms.
Unloading 2117 Unused Serialized files (Serialized files now loaded: 0)
System memory in use before: 99.9 MB.
System memory in use after: 100.0 MB.

Unloading 7 unused Assets to reduce memory usage. Loaded Objects now: 2692.
Total: 1.885800 ms (FindLiveObjects: 0.254300 ms CreateObjectMapping: 0.050200 ms MarkObjects: 1.568100 ms  DeleteObjects: 0.012200 ms)

========================================================================
Received Prepare
Registering precompiled user dll's ...
Registered in 0.000818 seconds.
Begin MonoManager ReloadAssembly
Native extension for WindowsStandalone target not found
Native extension for OSXStandalone target not found
Refreshing native plugins compatible for Editor in 0.43 ms, found 1 plugins.
Preloading 0 native plugins for Editor in 0.00 ms.
Mono: successfully reloaded assembly
- Completed reload, in  0.741 seconds
Platform modules already initialized, skipping
Refreshing native plugins compatible for Editor in 0.44 ms, found 1 plugins.
Preloading 0 native plugins for Editor in 0.00 ms.
Unloading 2118 Unused Serialized files (Serialized files now loaded: 0)
System memory in use before: 99.9 MB.
System memory in use after: 100.1 MB.

Unloading 7 unused Assets to reduce memory usage. Loaded Objects now: 2697.
Total: 2.007100 ms (FindLiveObjects: 0.203200 ms CreateObjectMapping: 0.048200 ms MarkObjects: 1.741600 ms  DeleteObjects: 0.013000 ms)

========================================================================
Received Prepare
Registering precompiled user dll's ...
Registered in 0.000917 seconds.
Begin MonoManager ReloadAssembly
Native extension for WindowsStandalone target not found
Native extension for OSXStandalone target not found
Refreshing native plugins compatible for Editor in 0.46 ms, found 1 plugins.
Preloading 0 native plugins for Editor in 0.00 ms.
Mono: successfully reloaded assembly
- Completed reload, in  0.721 seconds
Platform modules already initialized, skipping
Refreshing native plugins compatible for Editor in 0.42 ms, found 1 plugins.
Preloading 0 native plugins for Editor in 0.00 ms.
Unloading 2118 Unused Serialized files (Serialized files now loaded: 0)
System memory in use before: 100.0 MB.
System memory in use after: 100.1 MB.

Unloading 7 unused Assets to reduce memory usage. Loaded Objects now: 2701.
Total: 1.885200 ms (FindLiveObjects: 0.208500 ms CreateObjectMapping: 0.047800 ms MarkObjects: 1.615900 ms  DeleteObjects: 0.012000 ms)

========================================================================
Received Prepare
Registering precompiled user dll's ...
Registered in 0.000861 seconds.
Begin MonoManager ReloadAssembly
Native extension for WindowsStandalone target not found
Native extension for OSXStandalone target not found
Refreshing native plugins compatible for Editor in 0.44 ms, found 1 plugins.
Preloading 0 native plugins for Editor in 0.00 ms.
Mono: successfully reloaded assembly
- Completed reload, in  0.777 seconds
Platform modules already initialized, skipping
Refreshing native plugins compatible for Editor in 0.45 ms, found 1 plugins.
Preloading 0 native plugins for Editor in 0.00 ms.
Unloading 2119 Unused Serialized files (Serialized files now loaded: 0)
System memory in use before: 100.1 MB.
System memory in use after: 100.2 MB.

Unloading 7 unused Assets to reduce memory usage. Loaded Objects now: 2706.
Total: 2.432600 ms (FindLiveObjects: 0.324000 ms CreateObjectMapping: 0.061800 ms MarkObjects: 2.027900 ms  DeleteObjects: 0.017800 ms)

========================================================================
Received Prepare
Registering precompiled user dll's ...
Registered in 0.000864 seconds.
Begin MonoManager ReloadAssembly
Native extension for WindowsStandalone target not found
Native extension for OSXStandalone target not found
Refreshing native plugins compatible for Editor in 0.42 ms, found 1 plugins.
Preloading 0 native plugins for Editor in 0.00 ms.
Mono: successfully reloaded assembly
- Completed reload, in  0.736 seconds
Platform modules already initialized, skipping
Refreshing native plugins compatible for Editor in 0.44 ms, found 1 plugins.
Preloading 0 native plugins for Editor in 0.00 ms.
Unloading 2119 Unused Serialized files (Serialized files now loaded: 0)
System memory in use before: 100.1 MB.
System memory in use after: 100.2 MB.

Unloading 7 unused Assets to reduce memory usage. Loaded Objects now: 2710.
Total: 1.898300 ms (FindLiveObjects: 0.226200 ms CreateObjectMapping: 0.055600 ms MarkObjects: 1.603800 ms  DeleteObjects: 0.011700 ms)

========================================================================
Received Prepare
Registering precompiled user dll's ...
Registered in 0.000902 seconds.
Begin MonoManager ReloadAssembly
Native extension for WindowsStandalone target not found
Native extension for OSXStandalone target not found
Refreshing native plugins compatible for Editor in 0.43 ms, found 1 plugins.
Preloading 0 native plugins for Editor in 0.00 ms.
Mono: successfully reloaded assembly
- Completed reload, in  0.728 seconds
Platform modules already initialized, skipping
Refreshing native plugins compatible for Editor in 0.43 ms, found 1 plugins.
Preloading 0 native plugins for Editor in 0.00 ms.
Unloading 2119 Unused Serialized files (Serialized files now loaded: 0)
System memory in use before: 100.1 MB.
System memory in use after: 100.2 MB.

Unloading 7 unused Assets to reduce memory usage. Loaded Objects now: 2714.
Total: 1.898000 ms (FindLiveObjects: 0.254200 ms CreateObjectMapping: 0.057600 ms MarkObjects: 1.571500 ms  DeleteObjects: 0.013200 ms)

========================================================================
Received Prepare
Registering precompiled user dll's ...
Registered in 0.000950 seconds.
Begin MonoManager ReloadAssembly
Native extension for WindowsStandalone target not found
Native extension for OSXStandalone target not found
Refreshing native plugins compatible for Editor in 0.44 ms, found 1 plugins.
Preloading 0 native plugins for Editor in 0.00 ms.
Mono: successfully reloaded assembly
- Completed reload, in  0.722 seconds
Platform modules already initialized, skipping
Refreshing native plugins compatible for Editor in 0.44 ms, found 1 plugins.
Preloading 0 native plugins for Editor in 0.00 ms.
Unloading 2119 Unused Serialized files (Serialized files now loaded: 0)
System memory in use before: 100.1 MB.
System memory in use after: 100.2 MB.

Unloading 7 unused Assets to reduce memory usage. Loaded Objects now: 2718.
Total: 2.115100 ms (FindLiveObjects: 0.250000 ms CreateObjectMapping: 0.054700 ms MarkObjects: 1.796600 ms  DeleteObjects: 0.012200 ms)

========================================================================
Received Import Request.
  Time since last request: 1274.551219 seconds.
  path: Assets/Scenes/FirstProject.unity
  artifactKey: Guid(2cda990e2423bbf4892e6590ba056729) Importer(815301076,1909f56bfc062723c751e8b465ee728b)
Start importing Assets/Scenes/FirstProject.unity using Guid(2cda990e2423bbf4892e6590ba056729) Importer(815301076,1909f56bfc062723c751e8b465ee728b)  -> (artifact id: 'cc6903c54ce95cd2fa7791194117b9af') in 0.016918 seconds
  Import took 0.020565 seconds .

========================================================================
Received Prepare
Registering precompiled user dll's ...
Registered in 0.001185 seconds.
Begin MonoManager ReloadAssembly
Native extension for WindowsStandalone target not found
Native extension for OSXStandalone target not found
Refreshing native plugins compatible for Editor in 0.44 ms, found 1 plugins.
Preloading 0 native plugins for Editor in 0.00 ms.
Mono: successfully reloaded assembly
- Completed reload, in  0.735 seconds
Platform modules already initialized, skipping
Refreshing native plugins compatible for Editor in 0.49 ms, found 1 plugins.
Preloading 0 native plugins for Editor in 0.00 ms.
Unloading 2119 Unused Serialized files (Serialized files now loaded: 0)
System memory in use before: 100.1 MB.
System memory in use after: 100.2 MB.

Unloading 7 unused Assets to reduce memory usage. Loaded Objects now: 2722.
Total: 2.205200 ms (FindLiveObjects: 0.296300 ms CreateObjectMapping: 0.050600 ms MarkObjects: 1.841100 ms  DeleteObjects: 0.015900 ms)

========================================================================
Received Prepare
Registering precompiled user dll's ...
Registered in 0.000923 seconds.
Begin MonoManager ReloadAssembly
Native extension for WindowsStandalone target not found
Native extension for OSXStandalone target not found
Refreshing native plugins compatible for Editor in 0.50 ms, found 1 plugins.
Preloading 0 native plugins for Editor in 0.00 ms.
Mono: successfully reloaded assembly
- Completed reload, in  0.761 seconds
Platform modules already initialized, skipping
Refreshing native plugins compatible for Editor in 0.42 ms, found 1 plugins.
Preloading 0 native plugins for Editor in 0.00 ms.
Unloading 2119 Unused Serialized files (Serialized files now loaded: 0)
System memory in use before: 100.2 MB.
System memory in use after: 100.3 MB.

Unloading 7 unused Assets to reduce memory usage. Loaded Objects now: 2726.
Total: 2.194800 ms (FindLiveObjects: 0.253500 ms CreateObjectMapping: 0.101700 ms MarkObjects: 1.825100 ms  DeleteObjects: 0.013300 ms)

========================================================================
Received Prepare
Registering precompiled user dll's ...
Registered in 0.000958 seconds.
Begin MonoManager ReloadAssembly
Native extension for WindowsStandalone target not found
Native extension for OSXStandalone target not found
Refreshing native plugins compatible for Editor in 0.54 ms, found 1 plugins.
Preloading 0 native plugins for Editor in 0.00 ms.
Mono: successfully reloaded assembly
- Completed reload, in  0.785 seconds
Platform modules already initialized, skipping
Refreshing native plugins compatible for Editor in 0.50 ms, found 1 plugins.
Preloading 0 native plugins for Editor in 0.00 ms.
Unloading 2119 Unused Serialized files (Serialized files now loaded: 0)
System memory in use before: 100.2 MB.
System memory in use after: 100.4 MB.

Unloading 7 unused Assets to reduce memory usage. Loaded Objects now: 2730.
Total: 2.326500 ms (FindLiveObjects: 0.379000 ms CreateObjectMapping: 0.070700 ms MarkObjects: 1.858700 ms  DeleteObjects: 0.016900 ms)

========================================================================
Received Prepare
Registering precompiled user dll's ...
Registered in 0.000902 seconds.
Begin MonoManager ReloadAssembly
Native extension for WindowsStandalone target not found
Native extension for OSXStandalone target not found
Refreshing native plugins compatible for Editor in 0.45 ms, found 1 plugins.
Preloading 0 native plugins for Editor in 0.00 ms.
Mono: successfully reloaded assembly
- Completed reload, in  0.728 seconds
Platform modules already initialized, skipping
Refreshing native plugins compatible for Editor in 0.42 ms, found 1 plugins.
Preloading 0 native plugins for Editor in 0.00 ms.
Unloading 2119 Unused Serialized files (Serialized files now loaded: 0)
System memory in use before: 100.2 MB.
System memory in use after: 100.5 MB.

Unloading 7 unused Assets to reduce memory usage. Loaded Objects now: 2734.
Total: 1.933500 ms (FindLiveObjects: 0.267300 ms CreateObjectMapping: 0.055900 ms MarkObjects: 1.596700 ms  DeleteObjects: 0.012600 ms)

========================================================================
Received Prepare
Registering precompiled user dll's ...
Registered in 0.001201 seconds.
Begin MonoManager ReloadAssembly
Native extension for WindowsStandalone target not found
Native extension for OSXStandalone target not found
Refreshing native plugins compatible for Editor in 0.48 ms, found 1 plugins.
Preloading 0 native plugins for Editor in 0.00 ms.
Mono: successfully reloaded assembly
- Completed reload, in  0.786 seconds
Platform modules already initialized, skipping
Refreshing native plugins compatible for Editor in 0.46 ms, found 1 plugins.
Preloading 0 native plugins for Editor in 0.00 ms.
Unloading 2119 Unused Serialized files (Serialized files now loaded: 0)
System memory in use before: 100.2 MB.
System memory in use after: 100.5 MB.

Unloading 7 unused Assets to reduce memory usage. Loaded Objects now: 2738.
Total: 3.031700 ms (FindLiveObjects: 0.418900 ms CreateObjectMapping: 0.073900 ms MarkObjects: 2.521400 ms  DeleteObjects: 0.015400 ms)

========================================================================
Received Prepare
Registering precompiled user dll's ...
Registered in 0.000922 seconds.
Begin MonoManager ReloadAssembly
Native extension for WindowsStandalone target not found
Native extension for OSXStandalone target not found
Refreshing native plugins compatible for Editor in 0.44 ms, found 1 plugins.
Preloading 0 native plugins for Editor in 0.00 ms.
Mono: successfully reloaded assembly
- Completed reload, in  0.722 seconds
Platform modules already initialized, skipping
Refreshing native plugins compatible for Editor in 0.42 ms, found 1 plugins.
Preloading 0 native plugins for Editor in 0.00 ms.
Unloading 2119 Unused Serialized files (Serialized files now loaded: 0)
System memory in use before: 100.3 MB.
System memory in use after: 100.5 MB.

Unloading 7 unused Assets to reduce memory usage. Loaded Objects now: 2742.
Total: 2.458700 ms (FindLiveObjects: 0.325700 ms CreateObjectMapping: 0.057000 ms MarkObjects: 2.056500 ms  DeleteObjects: 0.018300 ms)

========================================================================
Received Prepare
Registering precompiled user dll's ...
Registered in 0.000939 seconds.
Begin MonoManager ReloadAssembly
Native extension for WindowsStandalone target not found
Native extension for OSXStandalone target not found
Refreshing native plugins compatible for Editor in 0.69 ms, found 1 plugins.
Preloading 0 native plugins for Editor in 0.00 ms.
Mono: successfully reloaded assembly
- Completed reload, in  0.799 seconds
Platform modules already initialized, skipping
Refreshing native plugins compatible for Editor in 0.47 ms, found 1 plugins.
Preloading 0 native plugins for Editor in 0.00 ms.
Unloading 2119 Unused Serialized files (Serialized files now loaded: 0)
System memory in use before: 100.3 MB.
System memory in use after: 100.5 MB.

Unloading 7 unused Assets to reduce memory usage. Loaded Objects now: 2746.
Total: 2.252100 ms (FindLiveObjects: 0.272300 ms CreateObjectMapping: 0.054000 ms MarkObjects: 1.892000 ms  DeleteObjects: 0.032600 ms)

========================================================================
Received Prepare
Registering precompiled user dll's ...
Registered in 0.001225 seconds.
Begin MonoManager ReloadAssembly
Native extension for WindowsStandalone target not found
Native extension for OSXStandalone target not found
Refreshing native plugins compatible for Editor in 0.51 ms, found 1 plugins.
Preloading 0 native plugins for Editor in 0.00 ms.
Mono: successfully reloaded assembly
- Completed reload, in  0.810 seconds
Platform modules already initialized, skipping
Refreshing native plugins compatible for Editor in 0.43 ms, found 1 plugins.
Preloading 0 native plugins for Editor in 0.00 ms.
Unloading 2119 Unused Serialized files (Serialized files now loaded: 0)
System memory in use before: 100.3 MB.
System memory in use after: 100.5 MB.

Unloading 7 unused Assets to reduce memory usage. Loaded Objects now: 2750.
Total: 2.337200 ms (FindLiveObjects: 0.379400 ms CreateObjectMapping: 0.072600 ms MarkObjects: 1.865000 ms  DeleteObjects: 0.019100 ms)

========================================================================
Received Import Request.
  Time since last request: 580.486997 seconds.
  path: Assets/Sprites/Square.png
  artifactKey: Guid(56078e90e21464f46b7618e6bbb7ac1b) Importer(815301076,1909f56bfc062723c751e8b465ee728b)
Start importing Assets/Sprites/Square.png using Guid(56078e90e21464f46b7618e6bbb7ac1b) Importer(815301076,1909f56bfc062723c751e8b465ee728b)  -> (artifact id: '76c6c1cd8707f49653d978119e47e27f') in 0.057764 seconds
  Import took 0.061390 seconds .

========================================================================
Received Import Request.
  Time since last request: 9.998496 seconds.
  path: Assets/Sprites/Interactables
  artifactKey: Guid(d116e0aa668789348b4dbe86d0786119) Importer(815301076,1909f56bfc062723c751e8b465ee728b)
Start importing Assets/Sprites/Interactables using Guid(d116e0aa668789348b4dbe86d0786119) Importer(815301076,1909f56bfc062723c751e8b465ee728b)  -> (artifact id: '7035f8a1ce31582d389eb15525c61d5e') in 0.005978 seconds
  Import took 0.009031 seconds .

========================================================================
Received Import Request.
  Time since last request: 0.126866 seconds.
  path: Assets/Sprites/Interactables/DestructibleColumn.png
  artifactKey: Guid(e98c1c30a2b6cbb4eb383d83b30e3c22) Importer(815301076,1909f56bfc062723c751e8b465ee728b)
Start importing Assets/Sprites/Interactables/DestructibleColumn.png using Guid(e98c1c30a2b6cbb4eb383d83b30e3c22) Importer(815301076,1909f56bfc062723c751e8b465ee728b)  -> (artifact id: '74f13190ccff0231fd91d42168bec9fa') in 0.033839 seconds
  Import took 0.037269 seconds .

========================================================================
Received Import Request.
  Time since last request: 0.000149 seconds.
  path: Assets/Sprites/Interactables/HubDoor0.png
  artifactKey: Guid(31d1160c6c03f4b4891430f92375f9b5) Importer(815301076,1909f56bfc062723c751e8b465ee728b)
Start importing Assets/Sprites/Interactables/HubDoor0.png using Guid(31d1160c6c03f4b4891430f92375f9b5) Importer(815301076,1909f56bfc062723c751e8b465ee728b)  -> (artifact id: '894195b670c4352f98f83ac94696c65e') in 0.019045 seconds
  Import took 0.021724 seconds .

========================================================================
Received Import Request.
  Time since last request: 0.000171 seconds.
  path: Assets/Sprites/Interactables/PushableBox.png
  artifactKey: Guid(76d8fbf754096254da5b8ab5b9349b75) Importer(815301076,1909f56bfc062723c751e8b465ee728b)
Start importing Assets/Sprites/Interactables/PushableBox.png using Guid(76d8fbf754096254da5b8ab5b9349b75) Importer(815301076,1909f56bfc062723c751e8b465ee728b)  -> (artifact id: 'b9462f1ae99041cc4b2ce0cbc98427a3') in 0.019178 seconds
  Import took 0.022560 seconds .

========================================================================
Received Import Request.
  Time since last request: 0.000173 seconds.
  path: Assets/Sprites/Interactables/HubDoor3.png
  artifactKey: Guid(7aa34d6c4f6424640b5c03b3d003670c) Importer(815301076,1909f56bfc062723c751e8b465ee728b)
Start importing Assets/Sprites/Interactables/HubDoor3.png using Guid(7aa34d6c4f6424640b5c03b3d003670c) Importer(815301076,1909f56bfc062723c751e8b465ee728b)  -> (artifact id: '5a435d9570626fef0dc1fc12538470bb') in 0.017927 seconds
  Import took 0.022194 seconds .

========================================================================
Received Import Request.
  Time since last request: 0.000167 seconds.
  path: Assets/Sprites/Interactables/HubDoorNormal.png
  artifactKey: Guid(fbc6c9fb3da5bc348989436188ef5b5c) Importer(815301076,1909f56bfc062723c751e8b465ee728b)
Start importing Assets/Sprites/Interactables/HubDoorNormal.png using Guid(fbc6c9fb3da5bc348989436188ef5b5c) Importer(815301076,1909f56bfc062723c751e8b465ee728b)  -> (artifact id: '5aac0207ac41be45c8837c7d53d944a7') in 0.018898 seconds
  Import took 0.021994 seconds .

========================================================================
Received Import Request.
  Time since last request: 0.000144 seconds.
  path: Assets/Sprites/Interactables/StomperDoorOn.png
  artifactKey: Guid(25aff9e9472fbe94d94e8fff076a0787) Importer(815301076,1909f56bfc062723c751e8b465ee728b)
Start importing Assets/Sprites/Interactables/StomperDoorOn.png using Guid(25aff9e9472fbe94d94e8fff076a0787) Importer(815301076,1909f56bfc062723c751e8b465ee728b)  -> (artifact id: 'd1a52aaca2b1ab3de1ca6aa607bbe20e') in 0.021751 seconds
  Import took 0.024919 seconds .

========================================================================
Received Import Request.
  Time since last request: 0.000166 seconds.
  path: Assets/Sprites/Interactables/TeleporterEmissive.png
  artifactKey: Guid(925b2cb2acb661f4bb5e69f620968ac6) Importer(815301076,1909f56bfc062723c751e8b465ee728b)
Start importing Assets/Sprites/Interactables/TeleporterEmissive.png using Guid(925b2cb2acb661f4bb5e69f620968ac6) Importer(815301076,1909f56bfc062723c751e8b465ee728b)  -> (artifact id: '7ff52d228d955f1fbe810af5a78c33d9') in 0.018708 seconds
  Import took 0.022004 seconds .

========================================================================
Received Import Request.
  Time since last request: 0.000159 seconds.
  path: Assets/Sprites/Interactables/PassThroughPlatform.png
  artifactKey: Guid(015893ede52040e419f9a0212845a017) Importer(815301076,1909f56bfc062723c751e8b465ee728b)
Start importing Assets/Sprites/Interactables/PassThroughPlatform.png using Guid(015893ede52040e419f9a0212845a017) Importer(815301076,1909f56bfc062723c751e8b465ee728b)  -> (artifact id: '900d1ef2ddb39976efd29ac475f0b3ae') in 0.019854 seconds
  Import took 0.022963 seconds .

========================================================================
Received Import Request.
  Time since last request: 0.000179 seconds.
  path: Assets/Sprites/Interactables/SpikesEmissive.png
  artifactKey: Guid(51c30fc857d54804ea9b5ce56ede5436) Importer(815301076,1909f56bfc062723c751e8b465ee728b)
Start importing Assets/Sprites/Interactables/SpikesEmissive.png using Guid(51c30fc857d54804ea9b5ce56ede5436) Importer(815301076,1909f56bfc062723c751e8b465ee728b)  -> (artifact id: '6c6eb2a4b6be7625dd73be97aaa80c9b') in 0.020895 seconds
  Import took 0.024428 seconds .

========================================================================
Received Import Request.
  Time since last request: 0.000155 seconds.
  path: Assets/Sprites/Interactables/PressurePad.png
  artifactKey: Guid(c294eed3d3292904e9818a676ca08f03) Importer(815301076,1909f56bfc062723c751e8b465ee728b)
Start importing Assets/Sprites/Interactables/PressurePad.png using Guid(c294eed3d3292904e9818a676ca08f03) Importer(815301076,1909f56bfc062723c751e8b465ee728b)  -> (artifact id: 'b44654b2a8aff7920c3a9e2c181b9469') in 0.014115 seconds
  Import took 0.016979 seconds .

========================================================================
Received Import Request.
  Time since last request: 0.000189 seconds.
  path: Assets/Sprites/Interactables/InfoSignNormal.png
  artifactKey: Guid(d463a1db9956609439b044db2f8a52c8) Importer(815301076,1909f56bfc062723c751e8b465ee728b)
Start importing Assets/Sprites/Interactables/InfoSignNormal.png using Guid(d463a1db9956609439b044db2f8a52c8) Importer(815301076,1909f56bfc062723c751e8b465ee728b)  -> (artifact id: '165c3c0ea2529064cf8ca356129f990b') in 0.017445 seconds
  Import took 0.020557 seconds .

========================================================================
Received Import Request.
  Time since last request: 0.000150 seconds.
  path: Assets/Sprites/Interactables/PassThroughPlatform_Emissive.png
  artifactKey: Guid(f69d5cce8ac35ed4e93d36e36b4f3527) Importer(815301076,1909f56bfc062723c751e8b465ee728b)
Start importing Assets/Sprites/Interactables/PassThroughPlatform_Emissive.png using Guid(f69d5cce8ac35ed4e93d36e36b4f3527) Importer(815301076,1909f56bfc062723c751e8b465ee728b)  -> (artifact id: '48718d6db3232389214191177c59b94c') in 0.016536 seconds
  Import took 0.019672 seconds .

========================================================================
Received Import Request.
  Time since last request: 0.000135 seconds.
  path: Assets/Sprites/Interactables/PushableBoxEmissive.png
  artifactKey: Guid(61d0ab6c44f1fd548be2e15452086602) Importer(815301076,1909f56bfc062723c751e8b465ee728b)
Start importing Assets/Sprites/Interactables/PushableBoxEmissive.png using Guid(61d0ab6c44f1fd548be2e15452086602) Importer(815301076,1909f56bfc062723c751e8b465ee728b)  -> (artifact id: '3ee43013d722c88c690758ef30086f49') in 0.017186 seconds
  Import took 0.020292 seconds .

========================================================================
Received Import Request.
  Time since last request: 0.000173 seconds.
  path: Assets/Sprites/Interactables/InfoSign.png
  artifactKey: Guid(8c7e81653a66a51409e21fe96c3fc62a) Importer(815301076,1909f56bfc062723c751e8b465ee728b)
Start importing Assets/Sprites/Interactables/InfoSign.png using Guid(8c7e81653a66a51409e21fe96c3fc62a) Importer(815301076,1909f56bfc062723c751e8b465ee728b)  -> (artifact id: 'c11ddb2a9678760d4901720f0e1d09a3') in 0.016699 seconds
  Import took 0.019366 seconds .

========================================================================
Received Import Request.
  Time since last request: 0.000170 seconds.
  path: Assets/Sprites/Interactables/SpikesNew.png
  artifactKey: Guid(1753bccc49174254f9a8b8a792660ac7) Importer(815301076,1909f56bfc062723c751e8b465ee728b)
Start importing Assets/Sprites/Interactables/SpikesNew.png using Guid(1753bccc49174254f9a8b8a792660ac7) Importer(815301076,1909f56bfc062723c751e8b465ee728b)  -> (artifact id: 'f9bb1b1653c1ef515d0d05e1cb5ad231') in 0.069340 seconds
  Import took 0.072488 seconds .

========================================================================
Received Import Request.
  Time since last request: 0.000176 seconds.
  path: Assets/Sprites/Interactables/PassThroughPlatformNormal.png
  artifactKey: Guid(dc420e214ce84844f84f4966dd8589b8) Importer(815301076,1909f56bfc062723c751e8b465ee728b)
Start importing Assets/Sprites/Interactables/PassThroughPlatformNormal.png using Guid(dc420e214ce84844f84f4966dd8589b8) Importer(815301076,1909f56bfc062723c751e8b465ee728b)  -> (artifact id: '1d14b8d2729b8d14ae82e8da912ff61d') in 0.017465 seconds
  Import took 0.020723 seconds .

========================================================================
Received Import Request.
  Time since last request: 0.000423 seconds.
  path: Assets/Sprites/Interactables/StomperDoorOff02.png
  artifactKey: Guid(74f63d29a45c5b34b8693ed62d756bf0) Importer(815301076,1909f56bfc062723c751e8b465ee728b)
Start importing Assets/Sprites/Interactables/StomperDoorOff02.png using Guid(74f63d29a45c5b34b8693ed62d756bf0) Importer(815301076,1909f56bfc062723c751e8b465ee728b)  -> (artifact id: '240c1875874c9a2d3e26f70e00a631e1') in 0.020941 seconds
  Import took 0.024386 seconds .

========================================================================
Received Import Request.
  Time since last request: 0.000173 seconds.
  path: Assets/Sprites/Interactables/Switch.png
  artifactKey: Guid(ba5ecaa832be28a49aab5f95f8946863) Importer(815301076,1909f56bfc062723c751e8b465ee728b)
Start importing Assets/Sprites/Interactables/Switch.png using Guid(ba5ecaa832be28a49aab5f95f8946863) Importer(815301076,1909f56bfc062723c751e8b465ee728b)  -> (artifact id: '3e7c11eb1d88eaecd022d1829a36978d') in 0.016535 seconds
  Import took 0.019875 seconds .

========================================================================
Received Import Request.
  Time since last request: 6.134227 seconds.
  path: Assets/Sprites/Interactables/PushableBox.png
  artifactKey: Guid(76d8fbf754096254da5b8ab5b9349b75) Importer(815301076,1909f56bfc062723c751e8b465ee728b)
Start importing Assets/Sprites/Interactables/PushableBox.png using Guid(76d8fbf754096254da5b8ab5b9349b75) Importer(815301076,1909f56bfc062723c751e8b465ee728b)  -> (artifact id: '131adeabe6521905fe7d50510653d6cc') in 0.009257 seconds
  Import took 0.013277 seconds .

========================================================================
Received Import Request.
  Time since last request: 4.409192 seconds.
  path: Assets/Sprites/Interactables/PushableBox.png
  artifactKey: Guid(76d8fbf754096254da5b8ab5b9349b75) Importer(815301076,1909f56bfc062723c751e8b465ee728b)
Start importing Assets/Sprites/Interactables/PushableBox.png using Guid(76d8fbf754096254da5b8ab5b9349b75) Importer(815301076,1909f56bfc062723c751e8b465ee728b)  -> (artifact id: '0d970468c4b4fa6d327dfcfeef2dc564') in 0.014123 seconds
  Import took 0.017903 seconds .

AssetImportWorkerClient::OnTransportError - code=2 error=End of file
