Using pre-set license
Built from '2020.3/staging' branch; Version is '2020.3.5f1 (8095aa901b9b) revision 8426922'; Using compiler version '192528614'; Build Type 'Release'
OS: 'Windows 10 Enterprise; OS build 19041.450; Version 2004; 64bit' Language: 'en' Physical Memory: 16158 MB
BatchMode: 1, IsHumanControllingUs: 0, StartBugReporterOnCrash: 0, Is64bit: 1, IsPro: 0

 COMMAND LINE ARGUMENTS:
C:\Program Files\Unity\Hub\Editor\2020.3.5f1\Editor\Unity.exe
-adb2
-batchMode
-noUpm
-name
AssetImportWorker0
-projectPath
C:/Users/2202226/Documents/GitHub/GP_Project2/GP_Project
-logFile
Logs/AssetImportWorker0.log
-srvPort
54468
Successfully changed project path to: C:/Users/2202226/Documents/GitHub/GP_Project2/GP_Project
C:/Users/2202226/Documents/GitHub/GP_Project2/GP_Project
Using Asset Import Pipeline V2.
Refreshing native plugins compatible for Editor in 42.71 ms, found 1 plugins.
Preloading 0 native plugins for Editor in 0.00 ms.
Initialize engine version: 2020.3.5f1 (8095aa901b9b)
[Subsystems] Discovering subsystems at path C:/Program Files/Unity/Hub/Editor/2020.3.5f1/Editor/Data/Resources/UnitySubsystems
[Subsystems] Discovering subsystems at path C:/Users/2202226/Documents/GitHub/GP_Project2/GP_Project/Assets
GfxDevice: creating device client; threaded=0
Direct3D:
    Version:  Direct3D 11.0 [level 11.1]
    Renderer: Radeon RX 560X Series (ID=0x67ff)
    Vendor:   
    VRAM:     4075 MB
    Driver:   27.20.1026.1
Initialize mono
Mono path[0] = 'C:/Program Files/Unity/Hub/Editor/2020.3.5f1/Editor/Data/Managed'
Mono path[1] = 'C:/Program Files/Unity/Hub/Editor/2020.3.5f1/Editor/Data/MonoBleedingEdge/lib/mono/unityjit'
Mono config path = 'C:/Program Files/Unity/Hub/Editor/2020.3.5f1/Editor/Data/MonoBleedingEdge/etc'
Using monoOptions --debugger-agent=transport=dt_socket,embedding=1,server=y,suspend=n,address=127.0.0.1:56032
Begin MonoManager ReloadAssembly
Registering precompiled unity dll's ...
Register platform support module: C:/Program Files/Unity/Hub/Editor/2020.3.5f1/Editor/Data/PlaybackEngines/WindowsStandaloneSupport/UnityEditor.WindowsStandalone.Extensions.dll
Registered in 0.001189 seconds.
Native extension for WindowsStandalone target not found
Refreshing native plugins compatible for Editor in 40.71 ms, found 1 plugins.
Preloading 0 native plugins for Editor in 0.00 ms.
Mono: successfully reloaded assembly
- Completed reload, in  1.720 seconds
Platform modules already initialized, skipping
Registering precompiled user dll's ...
Registered in 0.000753 seconds.
Begin MonoManager ReloadAssembly
Native extension for WindowsStandalone target not found
Refreshing native plugins compatible for Editor in 42.09 ms, found 1 plugins.
Preloading 0 native plugins for Editor in 0.00 ms.
Mono: successfully reloaded assembly
- Completed reload, in  0.922 seconds
Platform modules already initialized, skipping
========================================================================
Worker process is ready to serve import requests
Launched and connected shader compiler UnityShaderCompiler.exe after 0.04 seconds
Refreshing native plugins compatible for Editor in 0.44 ms, found 1 plugins.
Preloading 0 native plugins for Editor in 0.00 ms.
Unloading 2140 Unused Serialized files (Serialized files now loaded: 0)
System memory in use before: 98.5 MB.
System memory in use after: 98.6 MB.

Unloading 21 unused Assets to reduce memory usage. Loaded Objects now: 2592.
Total: 2.275900 ms (FindLiveObjects: 0.229800 ms CreateObjectMapping: 0.093900 ms MarkObjects: 1.887500 ms  DeleteObjects: 0.063900 ms)

========================================================================
Received Import Request.
  path: Assets/Scripts/Managers/PoolManager.cs
  artifactKey: Guid(9f641dcf7b75c2440b4561f555307980) Importer(815301076,1909f56bfc062723c751e8b465ee728b)
Start importing Assets/Scripts/Managers/PoolManager.cs using Guid(9f641dcf7b75c2440b4561f555307980) Importer(815301076,1909f56bfc062723c751e8b465ee728b)  -> (artifact id: '758d7d987eae6769b4ac5ba65afc949d') in 0.030492 seconds
  Import took 0.034090 seconds .

========================================================================
Received Import Request.
  Time since last request: 0.000347 seconds.
  path: Assets/Scripts/PoolHandler.cs
  artifactKey: Guid(bfb4caa654ea4ba48ae0ef17b8f3666c) Importer(815301076,1909f56bfc062723c751e8b465ee728b)
Start importing Assets/Scripts/PoolHandler.cs using Guid(bfb4caa654ea4ba48ae0ef17b8f3666c) Importer(815301076,1909f56bfc062723c751e8b465ee728b)  -> (artifact id: '298951f2e6306c6b4add1bf29331de1a') in 0.011092 seconds
  Import took 0.014797 seconds .

========================================================================
Received Import Request.
  Time since last request: 1177.322447 seconds.
  path: Assets/Scripts/AcidBehaviour.cs
  artifactKey: Guid(d92d222480382de4481ce3733d6d20e5) Importer(815301076,1909f56bfc062723c751e8b465ee728b)
Start importing Assets/Scripts/AcidBehaviour.cs using Guid(d92d222480382de4481ce3733d6d20e5) Importer(815301076,1909f56bfc062723c751e8b465ee728b)  -> (artifact id: '2b9d792bc00bf13ac18aeeb942bbb58f') in 0.010397 seconds
  Import took 0.016226 seconds .

========================================================================
Received Import Request.
  Time since last request: 0.000758 seconds.
  path: Assets/Scripts/AcidBehaviour.cs
  artifactKey: Guid(d92d222480382de4481ce3733d6d20e5) Importer(815301076,1909f56bfc062723c751e8b465ee728b)
Start importing Assets/Scripts/AcidBehaviour.cs using Guid(d92d222480382de4481ce3733d6d20e5) Importer(815301076,1909f56bfc062723c751e8b465ee728b)  -> (artifact id: '2b9d792bc00bf13ac18aeeb942bbb58f') in 0.004570 seconds
  Import took 0.011373 seconds .

========================================================================
Received Import Request.
  Time since last request: 0.251458 seconds.
  path: Assets/Scripts/AcidThrower.cs
  artifactKey: Guid(497e087bfd9dd0f46bda51cf00a6bc68) Importer(815301076,1909f56bfc062723c751e8b465ee728b)
Start importing Assets/Scripts/AcidThrower.cs using Guid(497e087bfd9dd0f46bda51cf00a6bc68) Importer(815301076,1909f56bfc062723c751e8b465ee728b)  -> (artifact id: 'bcfcc0cd39aba9a1cca08a4c319ead91') in 0.010940 seconds
  Import took 0.014787 seconds .

========================================================================
Received Import Request.
  Time since last request: 0.369082 seconds.
  path: Assets/Scripts/BoxReferenced.cs
  artifactKey: Guid(c3dce8118d111a44dbc71ca805ccc99f) Importer(815301076,1909f56bfc062723c751e8b465ee728b)
Start importing Assets/Scripts/BoxReferenced.cs using Guid(c3dce8118d111a44dbc71ca805ccc99f) Importer(815301076,1909f56bfc062723c751e8b465ee728b)  -> (artifact id: '36cc0032c7c0f9adc34d0e06d697ddd5') in 0.010569 seconds
  Import took 0.014085 seconds .

========================================================================
Received Import Request.
  Time since last request: 0.303667 seconds.
  path: Assets/Scripts/HealthComponent.cs
  artifactKey: Guid(090fd562451bcdc438c7b70a3b7c52d5) Importer(815301076,1909f56bfc062723c751e8b465ee728b)
Start importing Assets/Scripts/HealthComponent.cs using Guid(090fd562451bcdc438c7b70a3b7c52d5) Importer(815301076,1909f56bfc062723c751e8b465ee728b)  -> (artifact id: '5849c401798d8d02ed2138cc280634e6') in 0.010301 seconds
  Import took 0.014422 seconds .

========================================================================
Received Import Request.
  Time since last request: 0.329166 seconds.
  path: Assets/Scripts/ObjectFloater.cs
  artifactKey: Guid(875454ac44ba6954ea46bad7c1cbac04) Importer(815301076,1909f56bfc062723c751e8b465ee728b)
Start importing Assets/Scripts/ObjectFloater.cs using Guid(875454ac44ba6954ea46bad7c1cbac04) Importer(815301076,1909f56bfc062723c751e8b465ee728b)  -> (artifact id: '9cff65df01d240f2243a56a21c2137ac') in 0.010208 seconds
  Import took 0.015100 seconds .

========================================================================
Received Import Request.
  Time since last request: 0.001719 seconds.
  path: Assets/Scripts/ObjectFloater.cs
  artifactKey: Guid(875454ac44ba6954ea46bad7c1cbac04) Importer(815301076,1909f56bfc062723c751e8b465ee728b)
Start importing Assets/Scripts/ObjectFloater.cs using Guid(875454ac44ba6954ea46bad7c1cbac04) Importer(815301076,1909f56bfc062723c751e8b465ee728b)  -> (artifact id: '9cff65df01d240f2243a56a21c2137ac') in 0.003623 seconds
  Import took 0.008186 seconds .

========================================================================
Received Import Request.
  Time since last request: 0.667497 seconds.
  path: Assets/Scripts/Portal.cs
  artifactKey: Guid(1c89b2252b37ed5428a042b73aab64d3) Importer(815301076,1909f56bfc062723c751e8b465ee728b)
Start importing Assets/Scripts/Portal.cs using Guid(1c89b2252b37ed5428a042b73aab64d3) Importer(815301076,1909f56bfc062723c751e8b465ee728b)  -> (artifact id: '2868a9e7098b16a7a346e71d4f9995e9') in 0.009246 seconds
  Import took 0.013753 seconds .

========================================================================
Received Import Request.
  Time since last request: 0.326454 seconds.
  path: Assets/Scripts/TheBox.cs
  artifactKey: Guid(a46f9fdf9c4d56d44b32a35a3dcb9238) Importer(815301076,1909f56bfc062723c751e8b465ee728b)
Start importing Assets/Scripts/TheBox.cs using Guid(a46f9fdf9c4d56d44b32a35a3dcb9238) Importer(815301076,1909f56bfc062723c751e8b465ee728b)  -> (artifact id: 'fdaf26782f85966e21674cc2d5618e05') in 0.011821 seconds
  Import took 0.015751 seconds .

========================================================================
Received Import Request.
  Time since last request: 0.000740 seconds.
  path: Assets/Scripts/TheBox.cs
  artifactKey: Guid(a46f9fdf9c4d56d44b32a35a3dcb9238) Importer(815301076,1909f56bfc062723c751e8b465ee728b)
Start importing Assets/Scripts/TheBox.cs using Guid(a46f9fdf9c4d56d44b32a35a3dcb9238) Importer(815301076,1909f56bfc062723c751e8b465ee728b)  -> (artifact id: 'fdaf26782f85966e21674cc2d5618e05') in 0.003512 seconds
  Import took 0.008268 seconds .

========================================================================
Received Import Request.
  Time since last request: 3.069530 seconds.
  path: Assets/HighlightButtonExtra.cs
  artifactKey: Guid(ae6e3079d9f81b641bb6849bc0192613) Importer(815301076,1909f56bfc062723c751e8b465ee728b)
Start importing Assets/HighlightButtonExtra.cs using Guid(ae6e3079d9f81b641bb6849bc0192613) Importer(815301076,1909f56bfc062723c751e8b465ee728b)  -> (artifact id: '7be97f61e1fbd71d111e3205345c4ebf') in 0.009142 seconds
  Import took 0.013237 seconds .

========================================================================
Received Import Request.
  Time since last request: 0.001585 seconds.
  path: Assets/HighlightButtonExtra.cs
  artifactKey: Guid(ae6e3079d9f81b641bb6849bc0192613) Importer(815301076,1909f56bfc062723c751e8b465ee728b)
Start importing Assets/HighlightButtonExtra.cs using Guid(ae6e3079d9f81b641bb6849bc0192613) Importer(815301076,1909f56bfc062723c751e8b465ee728b)  -> (artifact id: '7be97f61e1fbd71d111e3205345c4ebf') in 0.004237 seconds
  Import took 0.011174 seconds .

AssetImportWorkerClient::OnTransportError - code=2 error=End of file
